  BTree.cpp
C:\Users\Crina\Desktop\ANUL 1\SEMESTRUL 2\Structuri de date\Extra\BTree\BTree\BTree.cpp(25,21): warning C4018: '<': signed/unsigned mismatch
C:\Users\Crina\Desktop\ANUL 1\SEMESTRUL 2\Structuri de date\Extra\BTree\BTree\BTree.cpp(146,23): warning C4018: '<': signed/unsigned mismatch
C:\Users\Crina\Desktop\ANUL 1\SEMESTRUL 2\Structuri de date\Extra\BTree\BTree\BTree.cpp(156,32): warning C4018: '<': signed/unsigned mismatch
C:\Users\Crina\Desktop\ANUL 1\SEMESTRUL 2\Structuri de date\Extra\BTree\BTree\BTree.cpp(158,23): warning C4018: '<': signed/unsigned mismatch
C:\Users\Crina\Desktop\ANUL 1\SEMESTRUL 2\Structuri de date\Extra\BTree\BTree\BTree.cpp(162,22): warning C4018: '<': signed/unsigned mismatch
C:\Users\Crina\Desktop\ANUL 1\SEMESTRUL 2\Structuri de date\Extra\BTree\BTree\BTree.cpp(193,23): warning C4018: '<': signed/unsigned mismatch
C:\Users\Crina\Desktop\ANUL 1\SEMESTRUL 2\Structuri de date\Extra\BTree\BTree\BTree.cpp(202,32): warning C4018: '<': signed/unsigned mismatch
C:\Users\Crina\Desktop\ANUL 1\SEMESTRUL 2\Structuri de date\Extra\BTree\BTree\BTree.cpp(205,23): warning C4018: '<': signed/unsigned mismatch
C:\Users\Crina\Desktop\ANUL 1\SEMESTRUL 2\Structuri de date\Extra\BTree\BTree\BTree.cpp(207,22): warning C4018: '<': signed/unsigned mismatch
C:\Users\Crina\Desktop\ANUL 1\SEMESTRUL 2\Structuri de date\Extra\BTree\BTree\BTree.cpp(222,22): warning C4018: '<': signed/unsigned mismatch
C:\Users\Crina\Desktop\ANUL 1\SEMESTRUL 2\Structuri de date\Extra\BTree\BTree\BTree.cpp(227,35): warning C4018: '>': signed/unsigned mismatch
C:\Users\Crina\Desktop\ANUL 1\SEMESTRUL 2\Structuri de date\Extra\BTree\BTree\BTree.cpp(227,77): warning C4018: '<': signed/unsigned mismatch
C:\Users\Crina\Desktop\ANUL 1\SEMESTRUL 2\Structuri de date\Extra\BTree\BTree\BTree.cpp(252,22): warning C4018: '<': signed/unsigned mismatch
C:\Users\Crina\Desktop\ANUL 1\SEMESTRUL 2\Structuri de date\Extra\BTree\BTree\BTree.cpp(257,35): warning C4018: '<': signed/unsigned mismatch
C:\Users\Crina\Desktop\ANUL 1\SEMESTRUL 2\Structuri de date\Extra\BTree\BTree\BTree.cpp(257,81): warning C4018: '>': signed/unsigned mismatch
C:\Users\Crina\Desktop\ANUL 1\SEMESTRUL 2\Structuri de date\Extra\BTree\BTree\BTree.cpp(298,25): warning C4018: '<': signed/unsigned mismatch
C:\Users\Crina\Desktop\ANUL 1\SEMESTRUL 2\Structuri de date\Extra\BTree\BTree\BTree.cpp(310,27): warning C4018: '<': signed/unsigned mismatch
C:\Users\Crina\Desktop\ANUL 1\SEMESTRUL 2\Structuri de date\Extra\BTree\BTree\BTree.cpp(315,28): warning C4018: '<': signed/unsigned mismatch
C:\Users\Crina\Desktop\ANUL 1\SEMESTRUL 2\Structuri de date\Extra\BTree\BTree\BTree.cpp(330,27): warning C4018: '<': signed/unsigned mismatch
C:\Users\Crina\Desktop\ANUL 1\SEMESTRUL 2\Structuri de date\Extra\BTree\BTree\BTree.cpp(336,28): warning C4018: '<': signed/unsigned mismatch
C:\Users\Crina\Desktop\ANUL 1\SEMESTRUL 2\Structuri de date\Extra\BTree\BTree\BTree.cpp(352,22): warning C4018: '<': signed/unsigned mismatch
C:\Users\Crina\Desktop\ANUL 1\SEMESTRUL 2\Structuri de date\Extra\BTree\BTree\BTree.cpp(374,22): warning C4018: '<': signed/unsigned mismatch
C:\Users\Crina\Desktop\ANUL 1\SEMESTRUL 2\Structuri de date\Extra\BTree\BTree\BTree.cpp(402,24): warning C4018: '<': signed/unsigned mismatch
C:\Users\Crina\Desktop\ANUL 1\SEMESTRUL 2\Structuri de date\Extra\BTree\BTree\BTree.cpp(413,24): warning C4018: '>=': signed/unsigned mismatch
C:\Users\Crina\Desktop\ANUL 1\SEMESTRUL 2\Structuri de date\Extra\BTree\BTree\BTree.cpp(415,24): warning C4018: '<': signed/unsigned mismatch
C:\Users\Crina\Desktop\ANUL 1\SEMESTRUL 2\Structuri de date\Extra\BTree\BTree\BTree.cpp(426,24): warning C4018: '<': signed/unsigned mismatch
C:\Users\Crina\Desktop\ANUL 1\SEMESTRUL 2\Structuri de date\Extra\BTree\BTree\BTree.cpp(431,18): warning C4018: '<': signed/unsigned mismatch
C:\Users\Crina\Desktop\ANUL 1\SEMESTRUL 2\Structuri de date\Extra\BTree\BTree\BTree.cpp(440,20): warning C4018: '<': signed/unsigned mismatch
C:\Users\Crina\Desktop\ANUL 1\SEMESTRUL 2\Structuri de date\Extra\BTree\BTree\BTree.cpp(446,24): warning C4018: '<': signed/unsigned mismatch
C:\Users\Crina\Desktop\ANUL 1\SEMESTRUL 2\Structuri de date\Extra\BTree\BTree\BTree.cpp(460,27): warning C4018: '<': signed/unsigned mismatch
C:\Users\Crina\Desktop\ANUL 1\SEMESTRUL 2\Structuri de date\Extra\BTree\BTree\BTree.cpp(465,34): warning C4018: '>=': signed/unsigned mismatch
C:\Users\Crina\Desktop\ANUL 1\SEMESTRUL 2\Structuri de date\Extra\BTree\BTree\BTree.cpp(467,24): warning C4018: '<': signed/unsigned mismatch
C:\Users\Crina\Desktop\ANUL 1\SEMESTRUL 2\Structuri de date\Extra\BTree\BTree\BTree.cpp(473,39): warning C4018: '>=': signed/unsigned mismatch
C:\Users\Crina\Desktop\ANUL 1\SEMESTRUL 2\Structuri de date\Extra\BTree\BTree\BTree.cpp(475,25): warning C4018: '<': signed/unsigned mismatch
C:\Users\Crina\Desktop\ANUL 1\SEMESTRUL 2\Structuri de date\Extra\BTree\BTree\BTree.cpp(496,35): warning C4018: '>=': signed/unsigned mismatch
C:\Users\Crina\Desktop\ANUL 1\SEMESTRUL 2\Structuri de date\Extra\BTree\BTree\BTree.cpp(500,17): warning C4018: '<': signed/unsigned mismatch
C:\Users\Crina\Desktop\ANUL 1\SEMESTRUL 2\Structuri de date\Extra\BTree\BTree\BTree.cpp(500,67): warning C4018: '>=': signed/unsigned mismatch
C:\Users\Crina\Desktop\ANUL 1\SEMESTRUL 2\Structuri de date\Extra\BTree\BTree\BTree.cpp(505,55): warning C4018: '>=': signed/unsigned mismatch
C:\Users\Crina\Desktop\ANUL 1\SEMESTRUL 2\Structuri de date\Extra\BTree\BTree\BTree.cpp(510,19): warning C4018: '<': signed/unsigned mismatch
  BTree.vcxproj -> C:\Users\Crina\Desktop\ANUL 1\SEMESTRUL 2\Structuri de date\Extra\BTree\Debug\BTree.exe
