  B-tree.cpp
e:\anul 1 semestrul 2\structuri de date\b-tree implementat\b-tree\b-tree.cpp(27): warning C4018: '<': signed/unsigned mismatch
e:\anul 1 semestrul 2\structuri de date\b-tree implementat\b-tree\b-tree.cpp(142): warning C4018: '<': signed/unsigned mismatch
e:\anul 1 semestrul 2\structuri de date\b-tree implementat\b-tree\b-tree.cpp(152): warning C4018: '<': signed/unsigned mismatch
e:\anul 1 semestrul 2\structuri de date\b-tree implementat\b-tree\b-tree.cpp(154): warning C4018: '<': signed/unsigned mismatch
e:\anul 1 semestrul 2\structuri de date\b-tree implementat\b-tree\b-tree.cpp(158): warning C4018: '<': signed/unsigned mismatch
e:\anul 1 semestrul 2\structuri de date\b-tree implementat\b-tree\b-tree.cpp(189): warning C4018: '<': signed/unsigned mismatch
e:\anul 1 semestrul 2\structuri de date\b-tree implementat\b-tree\b-tree.cpp(198): warning C4018: '<': signed/unsigned mismatch
e:\anul 1 semestrul 2\structuri de date\b-tree implementat\b-tree\b-tree.cpp(201): warning C4018: '<': signed/unsigned mismatch
e:\anul 1 semestrul 2\structuri de date\b-tree implementat\b-tree\b-tree.cpp(203): warning C4018: '<': signed/unsigned mismatch
e:\anul 1 semestrul 2\structuri de date\b-tree implementat\b-tree\b-tree.cpp(218): warning C4018: '<': signed/unsigned mismatch
e:\anul 1 semestrul 2\structuri de date\b-tree implementat\b-tree\b-tree.cpp(223): warning C4018: '>': signed/unsigned mismatch
e:\anul 1 semestrul 2\structuri de date\b-tree implementat\b-tree\b-tree.cpp(223): warning C4018: '<': signed/unsigned mismatch
e:\anul 1 semestrul 2\structuri de date\b-tree implementat\b-tree\b-tree.cpp(248): warning C4018: '<': signed/unsigned mismatch
e:\anul 1 semestrul 2\structuri de date\b-tree implementat\b-tree\b-tree.cpp(253): warning C4018: '<': signed/unsigned mismatch
e:\anul 1 semestrul 2\structuri de date\b-tree implementat\b-tree\b-tree.cpp(253): warning C4018: '>': signed/unsigned mismatch
e:\anul 1 semestrul 2\structuri de date\b-tree implementat\b-tree\b-tree.cpp(294): warning C4018: '<': signed/unsigned mismatch
e:\anul 1 semestrul 2\structuri de date\b-tree implementat\b-tree\b-tree.cpp(306): warning C4018: '<': signed/unsigned mismatch
e:\anul 1 semestrul 2\structuri de date\b-tree implementat\b-tree\b-tree.cpp(311): warning C4018: '<': signed/unsigned mismatch
e:\anul 1 semestrul 2\structuri de date\b-tree implementat\b-tree\b-tree.cpp(326): warning C4018: '<': signed/unsigned mismatch
e:\anul 1 semestrul 2\structuri de date\b-tree implementat\b-tree\b-tree.cpp(332): warning C4018: '<': signed/unsigned mismatch
e:\anul 1 semestrul 2\structuri de date\b-tree implementat\b-tree\b-tree.cpp(348): warning C4018: '<': signed/unsigned mismatch
e:\anul 1 semestrul 2\structuri de date\b-tree implementat\b-tree\b-tree.cpp(370): warning C4018: '<': signed/unsigned mismatch
e:\anul 1 semestrul 2\structuri de date\b-tree implementat\b-tree\b-tree.cpp(398): warning C4018: '<': signed/unsigned mismatch
e:\anul 1 semestrul 2\structuri de date\b-tree implementat\b-tree\b-tree.cpp(409): warning C4018: '>=': signed/unsigned mismatch
e:\anul 1 semestrul 2\structuri de date\b-tree implementat\b-tree\b-tree.cpp(411): warning C4018: '<': signed/unsigned mismatch
e:\anul 1 semestrul 2\structuri de date\b-tree implementat\b-tree\b-tree.cpp(422): warning C4018: '<': signed/unsigned mismatch
e:\anul 1 semestrul 2\structuri de date\b-tree implementat\b-tree\b-tree.cpp(427): warning C4018: '<': signed/unsigned mismatch
e:\anul 1 semestrul 2\structuri de date\b-tree implementat\b-tree\b-tree.cpp(436): warning C4018: '<': signed/unsigned mismatch
e:\anul 1 semestrul 2\structuri de date\b-tree implementat\b-tree\b-tree.cpp(442): warning C4018: '<': signed/unsigned mismatch
e:\anul 1 semestrul 2\structuri de date\b-tree implementat\b-tree\b-tree.cpp(456): warning C4018: '<': signed/unsigned mismatch
e:\anul 1 semestrul 2\structuri de date\b-tree implementat\b-tree\b-tree.cpp(461): warning C4018: '>=': signed/unsigned mismatch
e:\anul 1 semestrul 2\structuri de date\b-tree implementat\b-tree\b-tree.cpp(463): warning C4018: '<': signed/unsigned mismatch
e:\anul 1 semestrul 2\structuri de date\b-tree implementat\b-tree\b-tree.cpp(469): warning C4018: '>=': signed/unsigned mismatch
e:\anul 1 semestrul 2\structuri de date\b-tree implementat\b-tree\b-tree.cpp(471): warning C4018: '<': signed/unsigned mismatch
e:\anul 1 semestrul 2\structuri de date\b-tree implementat\b-tree\b-tree.cpp(492): warning C4018: '>=': signed/unsigned mismatch
e:\anul 1 semestrul 2\structuri de date\b-tree implementat\b-tree\b-tree.cpp(496): warning C4018: '<': signed/unsigned mismatch
e:\anul 1 semestrul 2\structuri de date\b-tree implementat\b-tree\b-tree.cpp(496): warning C4018: '>=': signed/unsigned mismatch
e:\anul 1 semestrul 2\structuri de date\b-tree implementat\b-tree\b-tree.cpp(501): warning C4018: '>=': signed/unsigned mismatch
e:\anul 1 semestrul 2\structuri de date\b-tree implementat\b-tree\b-tree.cpp(506): warning C4018: '<': signed/unsigned mismatch
  B-tree.vcxproj -> E:\anul 1 semestrul 2\structuri de date\B-tree implementat\Debug\B-tree.exe
